<?xml version="1.0" encoding="UTF-8"?>
<testsuite xmlns:xsi="http://www.w3.org/2001/XMLSchema-instance" xsi:noNamespaceSchemaLocation="https://maven.apache.org/surefire/maven-surefire-plugin/xsd/surefire-test-report-3.0.xsd" version="3.0" name="com.example.Parallel02IT" time="8.248" tests="1" errors="0" skipped="0" failures="0">
  <properties>
[...]
</properties>
  <testcase name="verify login using invalid credentials" classname="Verfiy Login feature" time="7.062">
    <system-out><![CDATA[STEP - Launch Browser
###############BROWSER###########chrome
STEP - load URL
STEP - Enter valid username
STEP - Enter valid password
STEP - Click on login button
VERIFY - Authentication failure popup is displayed
VERIFY - Login page is still visible
]]></system-out>
    <system-err><![CDATA[May 21, 2024 8:22:19 AM org.openqa.selenium.devtools.CdpVersionFinder findNearestMatch
WARNING: Unable to find an exact match for CDP version 124, returning the closest version; found: 123; Please update to a Selenium version that supports CDP version 124
]]></system-err>
  </testcase>
</testsuite>